[2017-05-08 20:50:41,265][INFO] initilizing 2 exchange: ['bter', 'chbtc']
[2017-05-08 20:50:41,265][INFO] initilizing exchange bter, config: {'access_key': '24F6B6F0-E43C-482F-9BE3-F135F40BBFF8', 'secret_key': '92283cf7bc98afceefdc449359670ad1c6d70238ca202db6c1f34637a29f82e4', 'name': 'bter', 'max_order_retry': 5}
[2017-05-08 20:50:41,265][INFO] initilizing exchange chbtc, config: {'access_key': 'a9e1f09e-1459-44df-8aea-024d97c37487', 'secret_key': '4086a247-092a-4893-ac4c-62c2f6ee6242', 'name': 'chbtc', 'max_order_retry': 5}
[2017-05-08 20:52:07,345][INFO] initilizing 2 exchange: ['bter', 'chbtc']
[2017-05-08 20:52:07,348][INFO] initilizing exchange bter, config: {'name': 'bter', 'secret_key': '92283cf7bc98afceefdc449359670ad1c6d70238ca202db6c1f34637a29f82e4', 'access_key': '24F6B6F0-E43C-482F-9BE3-F135F40BBFF8', 'max_order_retry': 5}
[2017-05-08 20:52:07,349][INFO] initilizing exchange chbtc, config: {'name': 'chbtc', 'secret_key': '4086a247-092a-4893-ac4c-62c2f6ee6242', 'access_key': 'a9e1f09e-1459-44df-8aea-024d97c37487', 'max_order_retry': 5}
[2017-05-08 20:52:25,702][INFO] initilizing 2 exchange: ['bter', 'chbtc']
[2017-05-08 20:52:25,703][INFO] initilizing exchange bter, config: {'name': 'bter', 'secret_key': '92283cf7bc98afceefdc449359670ad1c6d70238ca202db6c1f34637a29f82e4', 'access_key': '24F6B6F0-E43C-482F-9BE3-F135F40BBFF8', 'max_order_retry': 5}
[2017-05-08 20:52:25,703][INFO] initilizing exchange chbtc, config: {'name': 'chbtc', 'secret_key': '4086a247-092a-4893-ac4c-62c2f6ee6242', 'access_key': 'a9e1f09e-1459-44df-8aea-024d97c37487', 'max_order_retry': 5}
[2017-05-08 20:52:25,704][DEBUG] btc38 client post url: http://api.btc38.comgetAccountInfo, data: time=1494247945.704268&md5=cbeee475d6281dd6499eccb33ca59675, header: {'SIGN': 'cbeee475d6281dd6499eccb33ca59675', 'Content-Type': 'application/x-www-form-urlencoded', 'KEY': '498c1b144488bf99ff7eee444a5db618'}
[2017-05-08 20:53:14,573][INFO] initilizing 2 exchange: ['bter', 'chbtc']
[2017-05-08 20:53:14,573][INFO] initilizing exchange bter, config: {'access_key': '24F6B6F0-E43C-482F-9BE3-F135F40BBFF8', 'max_order_retry': 5, 'name': 'bter', 'secret_key': '92283cf7bc98afceefdc449359670ad1c6d70238ca202db6c1f34637a29f82e4'}
[2017-05-08 20:53:14,574][INFO] initilizing exchange chbtc, config: {'access_key': 'a9e1f09e-1459-44df-8aea-024d97c37487', 'max_order_retry': 5, 'name': 'chbtc', 'secret_key': '4086a247-092a-4893-ac4c-62c2f6ee6242'}
[2017-05-08 20:54:20,621][INFO] initilizing 2 exchange: ['bter', 'chbtc']
[2017-05-08 20:54:20,621][INFO] initilizing exchange bter, config: {'name': 'bter', 'secret_key': '92283cf7bc98afceefdc449359670ad1c6d70238ca202db6c1f34637a29f82e4', 'access_key': '24F6B6F0-E43C-482F-9BE3-F135F40BBFF8', 'max_order_retry': 5}
[2017-05-08 20:54:20,622][INFO] initilizing exchange chbtc, config: {'name': 'chbtc', 'secret_key': '4086a247-092a-4893-ac4c-62c2f6ee6242', 'access_key': 'a9e1f09e-1459-44df-8aea-024d97c37487', 'max_order_retry': 5}
[2017-05-08 20:54:37,149][INFO] initilizing 2 exchange: ['bter', 'chbtc']
[2017-05-08 20:54:37,150][INFO] initilizing exchange bter, config: {'secret_key': '92283cf7bc98afceefdc449359670ad1c6d70238ca202db6c1f34637a29f82e4', 'access_key': '24F6B6F0-E43C-482F-9BE3-F135F40BBFF8', 'name': 'bter', 'max_order_retry': 5}
[2017-05-08 20:54:37,150][INFO] initilizing exchange chbtc, config: {'secret_key': '4086a247-092a-4893-ac4c-62c2f6ee6242', 'access_key': 'a9e1f09e-1459-44df-8aea-024d97c37487', 'name': 'chbtc', 'max_order_retry': 5}
[2017-05-08 20:54:37,151][DEBUG] btc38 client post url: http://api.btc38.com/v1/getMyBalance.php, data: time=1494248077.151272&md5=e25472a7f373d7697886a6873f9e307e, header: {'Content-Type': 'application/x-www-form-urlencoded', 'KEY': '498c1b144488bf99ff7eee444a5db618', 'SIGN': 'e25472a7f373d7697886a6873f9e307e'}
[2017-05-08 20:55:20,240][INFO] initilizing 2 exchange: ['bter', 'chbtc']
[2017-05-08 20:55:20,240][INFO] initilizing exchange bter, config: {'name': 'bter', 'secret_key': '92283cf7bc98afceefdc449359670ad1c6d70238ca202db6c1f34637a29f82e4', 'access_key': '24F6B6F0-E43C-482F-9BE3-F135F40BBFF8', 'max_order_retry': 5}
[2017-05-08 20:55:20,241][INFO] initilizing exchange chbtc, config: {'name': 'chbtc', 'secret_key': '4086a247-092a-4893-ac4c-62c2f6ee6242', 'access_key': 'a9e1f09e-1459-44df-8aea-024d97c37487', 'max_order_retry': 5}
[2017-05-08 20:55:20,242][DEBUG] btc38 client post url: http://api.btc38.com/v1/getMyBalance.php, data: time=1494248120.242178&md5=708820d057475e45693e0daba14149db, header: {'Content-Type': 'application/x-www-form-urlencoded', 'KEY': '498c1b144488bf99ff7eee444a5db618', 'SIGN': '708820d057475e45693e0daba14149db'}
[2017-05-08 20:56:15,311][INFO] initilizing 2 exchange: ['bter', 'chbtc']
[2017-05-08 20:56:15,311][INFO] initilizing exchange bter, config: {'name': 'bter', 'secret_key': '92283cf7bc98afceefdc449359670ad1c6d70238ca202db6c1f34637a29f82e4', 'access_key': '24F6B6F0-E43C-482F-9BE3-F135F40BBFF8', 'max_order_retry': 5}
[2017-05-08 20:56:15,312][INFO] initilizing exchange chbtc, config: {'name': 'chbtc', 'secret_key': '4086a247-092a-4893-ac4c-62c2f6ee6242', 'access_key': 'a9e1f09e-1459-44df-8aea-024d97c37487', 'max_order_retry': 5}
[2017-05-08 20:56:15,313][DEBUG] btc38 client post url: http://api.btc38.com/v1/getMyBalance.php, data: key=498c1b144488bf99ff7eee444a5db618&time=1494248175.313162&md5=279f0ed316c3ede5b8ce1517183f1463, header: {'Content-Type': 'application/x-www-form-urlencoded', 'KEY': '498c1b144488bf99ff7eee444a5db618', 'SIGN': '279f0ed316c3ede5b8ce1517183f1463'}
[2017-05-08 20:56:30,809][INFO] initilizing 2 exchange: ['bter', 'chbtc']
[2017-05-08 20:56:30,809][INFO] initilizing exchange bter, config: {'max_order_retry': 5, 'secret_key': '92283cf7bc98afceefdc449359670ad1c6d70238ca202db6c1f34637a29f82e4', 'name': 'bter', 'access_key': '24F6B6F0-E43C-482F-9BE3-F135F40BBFF8'}
[2017-05-08 20:56:30,809][INFO] initilizing exchange chbtc, config: {'max_order_retry': 5, 'secret_key': '4086a247-092a-4893-ac4c-62c2f6ee6242', 'name': 'chbtc', 'access_key': 'a9e1f09e-1459-44df-8aea-024d97c37487'}
[2017-05-08 20:56:30,810][DEBUG] btc38 client post url: http://api.btc38.com/v1/getMyBalance.php, data: time=1494248190.810554&key=498c1b144488bf99ff7eee444a5db618&md5=d57cae4740202d70fd730f278e05a251, header: {'KEY': '498c1b144488bf99ff7eee444a5db618', 'SIGN': 'd57cae4740202d70fd730f278e05a251', 'Content-Type': 'application/x-www-form-urlencoded'}
[2017-05-08 20:56:42,230][INFO] initilizing 2 exchange: ['bter', 'chbtc']
[2017-05-08 20:56:42,231][INFO] initilizing exchange bter, config: {'max_order_retry': 5, 'access_key': '24F6B6F0-E43C-482F-9BE3-F135F40BBFF8', 'secret_key': '92283cf7bc98afceefdc449359670ad1c6d70238ca202db6c1f34637a29f82e4', 'name': 'bter'}
[2017-05-08 20:56:42,231][INFO] initilizing exchange chbtc, config: {'max_order_retry': 5, 'access_key': 'a9e1f09e-1459-44df-8aea-024d97c37487', 'secret_key': '4086a247-092a-4893-ac4c-62c2f6ee6242', 'name': 'chbtc'}
[2017-05-08 20:56:42,232][DEBUG] btc38 client post url: http://api.btc38.com/v1/getMyBalance.php, data: time=1494248202.232376&key=498c1b144488bf99ff7eee444a5db618&md5=fc2db9b3cb1d0224a1990390a817d6c5, header: {'SIGN': 'fc2db9b3cb1d0224a1990390a817d6c5', 'KEY': '498c1b144488bf99ff7eee444a5db618', 'Content-Type': 'application/x-www-form-urlencoded'}
[2017-05-08 20:57:07,421][INFO] initilizing 2 exchange: ['bter', 'chbtc']
[2017-05-08 20:57:07,421][INFO] initilizing exchange bter, config: {'access_key': '24F6B6F0-E43C-482F-9BE3-F135F40BBFF8', 'secret_key': '92283cf7bc98afceefdc449359670ad1c6d70238ca202db6c1f34637a29f82e4', 'max_order_retry': 5, 'name': 'bter'}
[2017-05-08 20:57:07,421][INFO] initilizing exchange chbtc, config: {'access_key': 'a9e1f09e-1459-44df-8aea-024d97c37487', 'secret_key': '4086a247-092a-4893-ac4c-62c2f6ee6242', 'max_order_retry': 5, 'name': 'chbtc'}
[2017-05-08 20:57:07,422][DEBUG] btc38 client post url: http://api.btc38.com/v1/getMyBalance.php, data: time=1494248227.422782&key=498c1b144488bf99ff7eee444a5db618&md5=7f8aa45cb00f3ce5a5514fe13f898c45, header: {'SIGN': '7f8aa45cb00f3ce5a5514fe13f898c45', 'Content-Type': 'application/x-www-form-urlencoded', 'KEY': '498c1b144488bf99ff7eee444a5db618'}
[2017-05-08 20:57:37,543][INFO] initilizing 2 exchange: ['bter', 'chbtc']
[2017-05-08 20:57:37,543][INFO] initilizing exchange bter, config: {'name': 'bter', 'secret_key': '92283cf7bc98afceefdc449359670ad1c6d70238ca202db6c1f34637a29f82e4', 'max_order_retry': 5, 'access_key': '24F6B6F0-E43C-482F-9BE3-F135F40BBFF8'}
[2017-05-08 20:57:37,543][INFO] initilizing exchange chbtc, config: {'name': 'chbtc', 'secret_key': '4086a247-092a-4893-ac4c-62c2f6ee6242', 'max_order_retry': 5, 'access_key': 'a9e1f09e-1459-44df-8aea-024d97c37487'}
[2017-05-08 20:57:37,545][DEBUG] btc38 client post url: http://api.btc38.com/v1/getMyBalance.php, data: key=498c1b144488bf99ff7eee444a5db618&time=1494248257&md5=230489c69f29e8a4334b28a129cb398a, header: {'Content-Type': 'application/x-www-form-urlencoded', 'SIGN': '230489c69f29e8a4334b28a129cb398a', 'KEY': '498c1b144488bf99ff7eee444a5db618'}
[2017-05-08 21:00:50,664][INFO] initilizing 2 exchange: ['bter', 'chbtc']
[2017-05-08 21:00:50,665][INFO] initilizing exchange bter, config: {'access_key': '24F6B6F0-E43C-482F-9BE3-F135F40BBFF8', 'name': 'bter', 'max_order_retry': 5, 'secret_key': '92283cf7bc98afceefdc449359670ad1c6d70238ca202db6c1f34637a29f82e4'}
[2017-05-08 21:00:50,665][INFO] initilizing exchange chbtc, config: {'access_key': 'a9e1f09e-1459-44df-8aea-024d97c37487', 'name': 'chbtc', 'max_order_retry': 5, 'secret_key': '4086a247-092a-4893-ac4c-62c2f6ee6242'}
[2017-05-08 21:00:50,666][DEBUG] btc38 client post url: http://api.btc38.com/v1/getMyBalance.php, data: time=1494248450&key=498c1b144488bf99ff7eee444a5db618&md5=2f9f8889740c96f8ffbddcb57c5216dc, header: {'SIGN': '2f9f8889740c96f8ffbddcb57c5216dc', 'KEY': '498c1b144488bf99ff7eee444a5db618', 'Content-Type': 'application/x-www-form-urlencoded'}
[2017-05-08 21:02:07,195][INFO] initilizing 2 exchange: ['bter', 'chbtc']
[2017-05-08 21:02:07,195][INFO] initilizing exchange bter, config: {'secret_key': '92283cf7bc98afceefdc449359670ad1c6d70238ca202db6c1f34637a29f82e4', 'access_key': '24F6B6F0-E43C-482F-9BE3-F135F40BBFF8', 'max_order_retry': 5, 'name': 'bter'}
[2017-05-08 21:02:07,196][INFO] initilizing exchange chbtc, config: {'secret_key': '4086a247-092a-4893-ac4c-62c2f6ee6242', 'access_key': 'a9e1f09e-1459-44df-8aea-024d97c37487', 'max_order_retry': 5, 'name': 'chbtc'}
[2017-05-08 21:02:07,197][DEBUG] btc38 client post url: http://api.btc38.com/v1/getMyBalance.php, data: time=1494248527&key=498c1b144488bf99ff7eee444a5db618&md5=402bf002f35f45b39ff7d04989f7d405, header: {'KEY': '498c1b144488bf99ff7eee444a5db618', 'Content-Type': 'application/x-www-form-urlencoded', 'SIGN': '402bf002f35f45b39ff7d04989f7d405'}
